<?xml version="1.0" encoding="UTF-8"?>
<!-- Generated by org.testng.reporters.JUnitReportReporter -->
<testsuite hostname="LAPTOP-QSIRGD51" failures="0" tests="2" name="jenkins" time="11.667" errors="0" timestamp="2022-05-30T12:50:05 IST" skipped="0">
  <testcase classname="jenkins" name="Test2" time="5.463"/>
  <system-out/>
  <testcase classname="jenkins" name="Test1" time="6.204"/>
  <system-out/>
</testsuite> <!-- jenkins -->
